This is pdfTeX, Version 3.14159265-2.6-1.40.18 (MiKTeX 2.9.6500 64-bit) (preloaded format=pdflatex 2018.1.25)  20 JUN 2018 02:12
entering extended mode
**./bare_conf.tex
(bare_conf.tex
LaTeX2e <2017-04-15>
Babel <3.15> and hyphenation patterns for 75 language(s) loaded.
(C:\Users\pauls\AppData\Roaming\MiKTeX\2.9\tex\latex\ieeetran\IEEEtran.cls
Document Class: IEEEtran 2015/08/26 V1.8b by Michael Shell
-- See the "IEEEtran_HOWTO" manual for usage information.
-- http://www.michaelshell.org/tex/ieeetran/
\@IEEEtrantmpdimenA=\dimen102
\@IEEEtrantmpdimenB=\dimen103
\@IEEEtrantmpdimenC=\dimen104
\@IEEEtrantmpcountA=\count79
\@IEEEtrantmpcountB=\count80
\@IEEEtrantmpcountC=\count81
\@IEEEtrantmptoksA=\toks14
LaTeX Font Info:    Try loading font information for OT1+ptm on input line 503.

("C:\Program Files\MiKTeX 2.9\tex\latex\psnfss\ot1ptm.fd"
File: ot1ptm.fd 2001/06/04 font definitions for OT1/ptm.
)
-- Using 8.5in x 11in (letter) paper.
-- Using PDF output.
\@IEEEnormalsizeunitybaselineskip=\dimen105
-- This is a 10 point document.
\CLASSINFOnormalsizebaselineskip=\dimen106
\CLASSINFOnormalsizeunitybaselineskip=\dimen107
\IEEEnormaljot=\dimen108
LaTeX Font Info:    Font shape `OT1/ptm/bx/n' in size <5> not available
(Font)              Font shape `OT1/ptm/b/n' tried instead on input line 1090.
LaTeX Font Info:    Font shape `OT1/ptm/bx/it' in size <5> not available
(Font)              Font shape `OT1/ptm/b/it' tried instead on input line 1090.

LaTeX Font Info:    Font shape `OT1/ptm/bx/n' in size <7> not available
(Font)              Font shape `OT1/ptm/b/n' tried instead on input line 1090.
LaTeX Font Info:    Font shape `OT1/ptm/bx/it' in size <7> not available
(Font)              Font shape `OT1/ptm/b/it' tried instead on input line 1090.

LaTeX Font Info:    Font shape `OT1/ptm/bx/n' in size <8> not available
(Font)              Font shape `OT1/ptm/b/n' tried instead on input line 1090.
LaTeX Font Info:    Font shape `OT1/ptm/bx/it' in size <8> not available
(Font)              Font shape `OT1/ptm/b/it' tried instead on input line 1090.

LaTeX Font Info:    Font shape `OT1/ptm/bx/n' in size <9> not available
(Font)              Font shape `OT1/ptm/b/n' tried instead on input line 1090.
LaTeX Font Info:    Font shape `OT1/ptm/bx/it' in size <9> not available
(Font)              Font shape `OT1/ptm/b/it' tried instead on input line 1090.

LaTeX Font Info:    Font shape `OT1/ptm/bx/n' in size <10> not available
(Font)              Font shape `OT1/ptm/b/n' tried instead on input line 1090.
LaTeX Font Info:    Font shape `OT1/ptm/bx/it' in size <10> not available
(Font)              Font shape `OT1/ptm/b/it' tried instead on input line 1090.

LaTeX Font Info:    Font shape `OT1/ptm/bx/n' in size <11> not available
(Font)              Font shape `OT1/ptm/b/n' tried instead on input line 1090.
LaTeX Font Info:    Font shape `OT1/ptm/bx/it' in size <11> not available
(Font)              Font shape `OT1/ptm/b/it' tried instead on input line 1090.

LaTeX Font Info:    Font shape `OT1/ptm/bx/n' in size <12> not available
(Font)              Font shape `OT1/ptm/b/n' tried instead on input line 1090.
LaTeX Font Info:    Font shape `OT1/ptm/bx/it' in size <12> not available
(Font)              Font shape `OT1/ptm/b/it' tried instead on input line 1090.

LaTeX Font Info:    Font shape `OT1/ptm/bx/n' in size <17> not available
(Font)              Font shape `OT1/ptm/b/n' tried instead on input line 1090.
LaTeX Font Info:    Font shape `OT1/ptm/bx/it' in size <17> not available
(Font)              Font shape `OT1/ptm/b/it' tried instead on input line 1090.

LaTeX Font Info:    Font shape `OT1/ptm/bx/n' in size <20> not available
(Font)              Font shape `OT1/ptm/b/n' tried instead on input line 1090.
LaTeX Font Info:    Font shape `OT1/ptm/bx/it' in size <20> not available
(Font)              Font shape `OT1/ptm/b/it' tried instead on input line 1090.

LaTeX Font Info:    Font shape `OT1/ptm/bx/n' in size <24> not available
(Font)              Font shape `OT1/ptm/b/n' tried instead on input line 1090.
LaTeX Font Info:    Font shape `OT1/ptm/bx/it' in size <24> not available
(Font)              Font shape `OT1/ptm/b/it' tried instead on input line 1090.

\IEEEquantizedlength=\dimen109
\IEEEquantizedlengthdiff=\dimen110
\IEEEquantizedtextheightdiff=\dimen111
\IEEEilabelindentA=\dimen112
\IEEEilabelindentB=\dimen113
\IEEEilabelindent=\dimen114
\IEEEelabelindent=\dimen115
\IEEEdlabelindent=\dimen116
\IEEElabelindent=\dimen117
\IEEEiednormlabelsep=\dimen118
\IEEEiedmathlabelsep=\dimen119
\IEEEiedtopsep=\skip41
\c@section=\count82
\c@subsection=\count83
\c@subsubsection=\count84
\c@paragraph=\count85
\c@IEEEsubequation=\count86
\abovecaptionskip=\skip42
\belowcaptionskip=\skip43
\c@figure=\count87
\c@table=\count88
\@IEEEeqnnumcols=\count89
\@IEEEeqncolcnt=\count90
\@IEEEsubeqnnumrollback=\count91
\@IEEEquantizeheightA=\dimen120
\@IEEEquantizeheightB=\dimen121
\@IEEEquantizeheightC=\dimen122
\@IEEEquantizeprevdepth=\dimen123
\@IEEEquantizemultiple=\count92
\@IEEEquantizeboxA=\box26
\@IEEEtmpitemindent=\dimen124
\IEEEPARstartletwidth=\dimen125
\c@IEEEbiography=\count93
\@IEEEtranrubishbin=\box27
) (C:\Users\pauls\AppData\Roaming\MiKTeX\2.9\tex\latex\cite\cite.sty
LaTeX Info: Redefining \cite on input line 302.
LaTeX Info: Redefining \nocite on input line 332.
Package: cite 2015/02/27  v 5.5
)
("C:\Program Files\MiKTeX 2.9\tex\latex\graphics\graphicx.sty"
Package: graphicx 2017/06/01 v1.1a Enhanced LaTeX Graphics (DPC,SPQR)

("C:\Program Files\MiKTeX 2.9\tex\latex\graphics\keyval.sty"
Package: keyval 2014/10/28 v1.15 key=value parser (DPC)
\KV@toks@=\toks15
)
("C:\Program Files\MiKTeX 2.9\tex\latex\graphics\graphics.sty"
Package: graphics 2017/06/25 v1.2c Standard LaTeX Graphics (DPC,SPQR)

("C:\Program Files\MiKTeX 2.9\tex\latex\graphics\trig.sty"
Package: trig 2016/01/03 v1.10 sin cos tan (DPC)
)
("C:\Program Files\MiKTeX 2.9\tex\latex\graphics-cfg\graphics.cfg"
File: graphics.cfg 2016/06/04 v1.11 sample graphics configuration
)
Package graphics Info: Driver file: pdftex.def on input line 99.

("C:\Program Files\MiKTeX 2.9\tex\latex\graphics-def\pdftex.def"
File: pdftex.def 2017/06/24 v1.0g Graphics/color driver for pdftex
))
\Gin@req@height=\dimen126
\Gin@req@width=\dimen127
)
(bare_conf.aux)
\openout1 = `bare_conf.aux'.

LaTeX Font Info:    Checking defaults for OML/cmm/m/it on input line 301.
LaTeX Font Info:    ... okay on input line 301.
LaTeX Font Info:    Checking defaults for T1/cmr/m/n on input line 301.
LaTeX Font Info:    ... okay on input line 301.
LaTeX Font Info:    Checking defaults for OT1/cmr/m/n on input line 301.
LaTeX Font Info:    ... okay on input line 301.
LaTeX Font Info:    Checking defaults for OMS/cmsy/m/n on input line 301.
LaTeX Font Info:    ... okay on input line 301.
LaTeX Font Info:    Checking defaults for OMX/cmex/m/n on input line 301.
LaTeX Font Info:    ... okay on input line 301.
LaTeX Font Info:    Checking defaults for U/cmr/m/n on input line 301.
LaTeX Font Info:    ... okay on input line 301.

-- Lines per column: 56 (exact).
(C:\Users\pauls\AppData\Roaming\MiKTeX\2.9\tex\context\base\supp-pdf.mkii
[Loading MPS to PDF converter (version 2006.09.02).]
\scratchcounter=\count94
\scratchdimen=\dimen128
\scratchbox=\box28
\nofMPsegments=\count95
\nofMParguments=\count96
\everyMPshowfont=\toks16
\MPscratchCnt=\count97
\MPscratchDim=\dimen129
\MPnumerator=\count98
\makeMPintoPDFobject=\count99
\everyMPtoPDFconversion=\toks17
) ("C:\Program Files\MiKTeX 2.9\tex\latex\oberdiek\epstopdf-base.sty"
Package: epstopdf-base 2016/05/15 v2.6 Base part for package epstopdf

("C:\Program Files\MiKTeX 2.9\tex\generic\oberdiek\infwarerr.sty"
Package: infwarerr 2016/05/16 v1.4 Providing info/warning/error messages (HO)
)
("C:\Program Files\MiKTeX 2.9\tex\latex\oberdiek\grfext.sty"
Package: grfext 2016/05/16 v1.2 Manage graphics extensions (HO)

("C:\Program Files\MiKTeX 2.9\tex\generic\oberdiek\kvdefinekeys.sty"
Package: kvdefinekeys 2016/05/16 v1.4 Define keys (HO)

("C:\Program Files\MiKTeX 2.9\tex\generic\oberdiek\ltxcmds.sty"
Package: ltxcmds 2016/05/16 v1.23 LaTeX kernel commands for general use (HO)
)))
("C:\Program Files\MiKTeX 2.9\tex\latex\oberdiek\kvoptions.sty"
Package: kvoptions 2016/05/16 v3.12 Key value format for package options (HO)

("C:\Program Files\MiKTeX 2.9\tex\generic\oberdiek\kvsetkeys.sty"
Package: kvsetkeys 2016/05/16 v1.17 Key value parser (HO)

("C:\Program Files\MiKTeX 2.9\tex\generic\oberdiek\etexcmds.sty"
Package: etexcmds 2016/05/16 v1.6 Avoid name clashes with e-TeX commands (HO)

("C:\Program Files\MiKTeX 2.9\tex\generic\oberdiek\ifluatex.sty"
Package: ifluatex 2016/05/16 v1.4 Provides the ifluatex switch (HO)
Package ifluatex Info: LuaTeX not detected.
)
Package etexcmds Info: Could not find \expanded.
(etexcmds)             That can mean that you are not using pdfTeX 1.50 or
(etexcmds)             that some package has redefined \expanded.
(etexcmds)             In the latter case, load this package earlier.
)))
("C:\Program Files\MiKTeX 2.9\tex\generic\oberdiek\pdftexcmds.sty"
Package: pdftexcmds 2017/03/19 v0.25 Utility functions of pdfTeX for LuaTeX (HO
)

("C:\Program Files\MiKTeX 2.9\tex\generic\oberdiek\ifpdf.sty"
Package: ifpdf 2017/03/15 v3.2 Provides the ifpdf switch
)
Package pdftexcmds Info: LuaTeX not detected.
Package pdftexcmds Info: \pdf@primitive is available.
Package pdftexcmds Info: \pdf@ifprimitive is available.
Package pdftexcmds Info: \pdfdraftmode found.
)
Package epstopdf-base Info: Redefining graphics rule for `.eps' on input line 4
38.
Package grfext Info: Graphics extension search list:
(grfext)             [.pdf,.jpeg,.png,.PNG,.eps]
(grfext)             \AppendGraphicsExtensions on input line 456.
)
Missing character: There is no Ã in font ptmr7t!
Missing character: There is no ¤ in font ptmr7t!
Missing character: There is no Ã in font ptmr7t!
Missing character: There is no ¤ in font ptmr7t!
Missing character: There is no Ã in font ptmr7t!
Missing character: There is no ¤ in font ptmr7t!

Underfull \hbox (badness 1796) in paragraph at lines 369--374
\OT1/ptm/m/n/10 tasks such as user mod-el-ing or so-cial rec-om-men-da-tion
 []


Underfull \hbox (badness 2005) in paragraph at lines 369--374
\OT1/ptm/m/n/10 be-come preva-lent. Em-ploy-ing Rec-om-mender Sys-tems in
 []


Underfull \hbox (badness 1418) in paragraph at lines 369--374
\OT1/ptm/m/n/10 in-flu-ence their over-all sat-is-fac-tion. [3], [4] Thus, so-c
ial
 []


Underfull \hbox (badness 10000) in paragraph at lines 369--374
\OT1/ptm/m/n/10 learn-ing, fo-cussing on im-prov-ing in-di-vid-ual learn-ing
 []


Underfull \hbox (badness 10000) in paragraph at lines 369--374

 []

[1{C:/Users/pauls/AppData/Local/MiKTeX/2.9/pdftex/config/pdftex.map}


]

LaTeX Warning: Citation `hsu2018general' on page 2 undefined on input line 382.



Underfull \hbox (badness 1721) in paragraph at lines 381--388
\OT1/ptm/m/n/10 re-quire dif-fer-ent user mod-els. For ex-am-ple, in-for-ma-tio
n
 []


Underfull \hbox (badness 5696) in paragraph at lines 381--388
\OT1/ptm/m/n/10 with com-pa-ra-ble in-ter-ests. [\OT1/ptm/b/n/10 ?\OT1/ptm/m/n/
10 ] An-other ap-proach that
 []


Underfull \hbox (badness 2173) in paragraph at lines 381--388
\OT1/ptm/m/n/10 was used to en-able rec-om-men-da-tions with scarce data
 []


Underfull \hbox (badness 2237) in paragraph at lines 381--388
\OT1/ptm/m/n/10 and re-duced com-put-ing power was to ac-cess a user's
 []


Underfull \hbox (badness 2150) in paragraph at lines 381--388
\OT1/ptm/m/n/10 Even within a sin-gle do-main, for ex-am-ple mul-ti-player
 []


Underfull \hbox (badness 1735) in paragraph at lines 381--388
\OT1/ptm/m/n/10 to cat-e-go-rize the playstyle of dif-fer-ent users. Wang et
 []


Underfull \hbox (badness 4036) in paragraph at lines 381--388
\OT1/ptm/m/n/10 In the-ory, user mod-els want to en-com-pass as much
 []


Underfull \hbox (badness 4608) in paragraph at lines 381--388
\OT1/ptm/m/n/10 in-for-ma-tion, pref-er-ences or even per-son-al-ity could be
 []


Underfull \hbox (badness 10000) in paragraph at lines 381--388

 []


Underfull \hbox (badness 10000) in paragraph at lines 390--395

 []

LaTeX Font Info:    External font `cmex10' loaded for size
(Font)              <7> on input line 402.
LaTeX Font Info:    External font `cmex10' loaded for size
(Font)              <5> on input line 402.

Underfull \hbox (badness 4181) in paragraph at lines 397--402
[]\OT1/ptm/m/n/10 In ex-treme cases, Rec-om-mender Sys-tems will have
 []


Underfull \hbox (badness 2573) in paragraph at lines 397--402
\OT1/ptm/m/n/10 to rec-om-mend users to each other, form-ing re-cip-ro-cal
 []


Underfull \hbox (badness 10000) in paragraph at lines 397--402
\OT1/ptm/m/n/10 rec-om-men-da-tions: A user re-ceives other users as
 []


Underfull \hbox (badness 2119) in paragraph at lines 397--402
\OT1/ptm/m/n/10 rec-om-men-da-tions and is him-self an item rec-om-mended
 []


Underfull \hbox (badness 1490) in paragraph at lines 397--402
\OT1/ptm/m/n/10 for ac-tual re-cip-ro-cal rec-om-men-da-tions could use sim-ple

 []


Underfull \hbox (badness 1874) in paragraph at lines 397--402
\OT1/ptm/m/n/10 re-cip-ro-cal rec-om-men-da-tions be-come a ne-ces-sity. Spe-ci
al
 []


Underfull \hbox (badness 10000) in paragraph at lines 397--402

 []

[2]
Underfull \hbox (badness 5077) in paragraph at lines 410--413
\OT1/ptm/m/n/10 rec-om-men-da-tion plat-form and eval-u-a-tional find-ings on
 []


Underfull \hbox (badness 10000) in paragraph at lines 410--413

 []

<g/SeekingPartnerCompatibility.PNG, id=12, 356.83313pt x 290.58563pt>
File: g/SeekingPartnerCompatibility.PNG Graphic file (type png)
<use g/SeekingPartnerCompatibility.PNG>
Package pdftex.def Info: g/SeekingPartnerCompatibility.PNG  used on input line 
416. on input line 416.
Package pdftex.def Info: Requested size: 258.0pt x 210.11272pt on input line 41
6.
<g/SeekingSupportCompatibility.PNG, id=14, 350.81062pt x 285.31593pt>
File: g/SeekingSupportCompatibility.PNG Graphic file (type png)
<use g/SeekingSupportCompatibility.PNG>
Package pdftex.def Info: g/SeekingSupportCompatibility.PNG  used on input line 
417. on input line 417.
Package pdftex.def Info: Requested size: 258.0pt x 209.84618pt on input line 41
7.

Overfull \hbox (2.29996pt too wide) in paragraph at lines 416--418
[][] [] 
 []

LaTeX Font Info:    External font `cmex10' loaded for size
(Font)              <8> on input line 418.
LaTeX Font Info:    External font `cmex10' loaded for size
(Font)              <6> on input line 418.

Underfull \hbox (badness 2150) in paragraph at lines 435--439
\OT1/ptm/m/n/10 har-monic mean, con-trary to the arith-metic mean, pays
 []


Underfull \hbox (badness 10000) in paragraph at lines 435--439

 []

[3]
Underfull \hbox (badness 3333) in paragraph at lines 441--446
\OT1/ptm/m/n/10 suc-cess-ful matches for as many users as pos-si-ble in
 []


Underfull \hbox (badness 1354) in paragraph at lines 441--446
\OT1/ptm/m/n/10 gen-eral Qual-ity Mea-sures for re-cip-ro-cal rec-om-men-da-tio
n
 []


Underfull \hbox (badness 10000) in paragraph at lines 441--446

 []

<g/Runtime.PNG, id=21, 557.83406pt x 424.58624pt>
File: g/Runtime.PNG Graphic file (type png)
<use g/Runtime.PNG>
Package pdftex.def Info: g/Runtime.PNG  used on input line 450. on input line 4
50.
Package pdftex.def Info: Requested size: 258.0pt x 196.37454pt on input line 45
0.

Overfull \hbox (6.0pt too wide) in paragraph at lines 450--451
 [][] 
 []

<g/PrecisionByK.PNG, id=22, 399.74344pt x 394.47375pt>
File: g/PrecisionByK.PNG Graphic file (type png)
<use g/PrecisionByK.PNG>
Package pdftex.def Info: g/PrecisionByK.PNG  used on input line 455. on input l
ine 455.
Package pdftex.def Info: Requested size: 258.0pt x 254.61118pt on input line 45
5.
<g/PrecisionByU.PNG, id=23, 377.15906pt x 387.69844pt>
File: g/PrecisionByU.PNG Graphic file (type png)
<use g/PrecisionByU.PNG>
Package pdftex.def Info: g/PrecisionByU.PNG  used on input line 456. on input l
ine 456.
Package pdftex.def Info: Requested size: 258.0pt x 265.20503pt on input line 45
6.

Overfull \hbox (2.29996pt too wide) in paragraph at lines 455--457
[][] [] 
 []


Underfull \hbox (badness 10000) in paragraph at lines 460--463

 []


Underfull \vbox (badness 10000) has occurred while \output is active []

 [4 <./g/SeekingPartnerCompatibility.PNG> <./g/SeekingSupportCompatibility.PNG>
 <./g/Runtime.PNG>]
Underfull \hbox (badness 10000) in paragraph at lines 468--471

 []


Underfull \vbox (badness 10000) has occurred while \output is active []

<g/CoverageUk.PNG, id=32, 383.93437pt x 306.39468pt>
File: g/CoverageUk.PNG Graphic file (type png)
<use g/CoverageUk.PNG>
Package pdftex.def Info: g/CoverageUk.PNG  used on input line 474. on input lin
e 474.
Package pdftex.def Info: Requested size: 258.0pt x 205.90517pt on input line 47
4.
<g/CoverageUT.PNG, id=33, 389.20406pt x 290.58563pt>
File: g/CoverageUT.PNG Graphic file (type png)
<use g/CoverageUT.PNG>
Package pdftex.def Info: g/CoverageUT.PNG  used on input line 475. on input lin
e 475.
Package pdftex.def Info: Requested size: 258.0pt x 192.63399pt on input line 47
5.

Overfull \hbox (2.29996pt too wide) in paragraph at lines 474--476
[][] [] 
 []


Underfull \hbox (badness 10000) in paragraph at lines 479--481

 []


Underfull \vbox (badness 10000) has occurred while \output is active []

 [5 <./g/PrecisionByK.PNG> <./g/PrecisionByU.PNG>]
<g/QualityByU.PNG, id=40, 420.06938pt x 322.20375pt>
File: g/QualityByU.PNG Graphic file (type png)
<use g/QualityByU.PNG>
Package pdftex.def Info: g/QualityByU.PNG  used on input line 485. on input lin
e 485.
Package pdftex.def Info: Requested size: 258.0pt x 197.8911pt on input line 485
.

Overfull \hbox (6.0pt too wide) in paragraph at lines 485--486
 [][] 
 []


Underfull \hbox (badness 2600) in paragraph at lines 489--491
\OT1/ptm/m/n/10 thresh-old for joint com-pe-tency of a matchup how-ever
 []


Underfull \hbox (badness 10000) in paragraph at lines 489--491

 []


Underfull \vbox (badness 2401) has occurred while \output is active []


Underfull \hbox (badness 10000) in paragraph at lines 493--494

 []


Underfull \hbox (badness 10000) in paragraph at lines 495--496

 []

[6 <./g/CoverageUk.PNG> <./g/CoverageUT.PNG> <./g/QualityByU.PNG>]
Underfull \hbox (badness 1681) in paragraph at lines 513--541
\OT1/ptm/m/n/10 all rec-om-men-da-tions to and of that stu-dent would not
 []


Underfull \hbox (badness 10000) in paragraph at lines 513--541
\OT1/ptm/m/n/10 them-selves, rather than of the plat-form pro-vid-ing
 []


Underfull \hbox (badness 2495) in paragraph at lines 513--541
\OT1/ptm/m/n/10 rec-om-men-da-tions, the other hu-man fac-tor needs to be
 []


Underfull \hbox (badness 2401) in paragraph at lines 513--541
\OT1/ptm/m/n/10 As hu-mans are un-re-li-able, self-reported met-rics al-ways
 []


Underfull \hbox (badness 1460) in paragraph at lines 513--541
\OT1/ptm/m/n/10 be col-lected. In-ter-nal in-for-ma-tion, like pref-er-ences, d
ate
 []


Underfull \hbox (badness 10000) in paragraph at lines 513--541
\OT1/ptm/m/n/10 Psychological re-search was founded to en-able the
 []


Underfull \hbox (badness 3364) in paragraph at lines 513--541
\OT1/ptm/m/n/10 mea-sure-ment and quan-tifi-ca-tion of these de-tails. From
 []


Underfull \hbox (badness 1558) in paragraph at lines 513--541
\OT1/ptm/m/n/10 In learn-ing en-vi-ron-ments, a phe-nomenon known as the
 []


Underfull \hbox (badness 2343) in paragraph at lines 513--541
\OT1/ptm/m/n/10 learn-ing suc-cess: stu-dents tend to over-state their good
 []


Underfull \hbox (badness 2384) in paragraph at lines 513--541
\OT1/ptm/m/n/10 Self-reported data stay a largely con-tro-ver-sial topic in
 []


Underfull \hbox (badness 3579) in paragraph at lines 513--541
\OT1/ptm/m/n/10 re-searchers to ac-cess in-ter-nal in-for-ma-tion, while these
 []


Underfull \hbox (badness 3646) in paragraph at lines 513--541
\OT1/ptm/m/n/10 mea-sure-ments can fluc-tu-ate fol-low-ing lots of dif-fer-ent
 []


Underfull \hbox (badness 10000) in paragraph at lines 513--541
\OT1/ptm/m/n/10 Other re-cip-ro-cal rec-om-men-da-tion ap-proaches have to
 []


Underfull \hbox (badness 2409) in paragraph at lines 513--541
[][]\OT1/ptm/m/n/10 , Xia et al. have shown that a behavior-emergent
 []


Underfull \hbox (badness 2932) in paragraph at lines 513--541
\OT1/ptm/m/n/10 online-dating rec-om-men-da-tion. [28] In-stead of fo-cus-ing
 []


Underfull \hbox (badness 1603) in paragraph at lines 513--541
\OT1/ptm/m/n/10 on user-reported data alone, they in-cluded im-plicit and
 []


Underfull \hbox (badness 3118) in paragraph at lines 513--541
\OT1/ptm/m/n/10 high-level cog-ni-tive problem-solving skills from sim-ply
 []


Underfull \hbox (badness 4634) in paragraph at lines 513--541
\OT1/ptm/b/n/10 Hier noch ein biss-chen ins De-tail zu gehen zu
 []


Underfull \hbox (badness 2384) in paragraph at lines 513--541
\OT1/ptm/m/n/10 Taking all of this into con-sid-er-a-tion, the peer learner
 []


Underfull \hbox (badness 10000) in paragraph at lines 513--541

 []


Underfull \hbox (badness 1496) in paragraph at lines 513--541
\OT1/ptm/m/n/10 The ap-pli-ca-tions of re-cip-ro-cal peer rec-om-men-da-tion ar
e
 []


Underfull \hbox (badness 2951) in paragraph at lines 513--541
\OT1/ptm/m/n/10 yields many ad-van-tages and teaches mean-ing-ful skills.
 []


Underfull \hbox (badness 2165) in paragraph at lines 513--541
\OT1/ptm/m/n/10 rec-om-mended items and re-cip-i-ents of rec-om-men-da-tions.
 []


Underfull \hbox (badness 10000) in paragraph at lines 513--541

 []

[7] [8] (bare_conf.bbl [9])

** Conference Paper **
Before submitting the final camera ready copy, remember to:

 1. Manually equalize the lengths of two columns on the last page
 of your paper;

 2. Ensure that any PostScript and/or PDF output post-processing
 uses only Type 1 fonts and that every step in the generation
 process uses the appropriate paper size.

[10

] (bare_conf.aux)

LaTeX Warning: There were undefined references.

 ) 
Here is how much of TeX's memory you used:
 2468 strings out of 493312
 41020 string characters out of 3138899
 124245 words of memory out of 3000000
 5997 multiletter control sequences out of 15000+200000
 39736 words of font info for 73 fonts, out of 3000000 for 9000
 1144 hyphenation exceptions out of 8191
 41i,8n,25p,1093b,234s stack positions out of 5000i,500n,10000p,200000b,50000s
{C:/Program Files/MiKTeX 2.9/fonts/enc/dvips/base/8r.enc}<C:/Program Files/Mi
KTeX 2.9/fonts/type1/public/amsfonts/cm/cmmi10.pfb><C:/Program Files/MiKTeX 2.9
/fonts/type1/public/amsfonts/cm/cmmi8.pfb><C:/Program Files/MiKTeX 2.9/fonts/ty
pe1/public/amsfonts/cm/cmr10.pfb><C:/Program Files/MiKTeX 2.9/fonts/type1/publi
c/amsfonts/cm/cmr6.pfb><C:/Program Files/MiKTeX 2.9/fonts/type1/public/amsfonts
/cm/cmr7.pfb><C:/Program Files/MiKTeX 2.9/fonts/type1/public/amsfonts/cm/cmsy7.
pfb><C:/Program Files/MiKTeX 2.9/fonts/type1/urw/times/utmb8a.pfb><C:/Program F
iles/MiKTeX 2.9/fonts/type1/urw/times/utmbi8a.pfb><C:/Program Files/MiKTeX 2.9/
fonts/type1/urw/times/utmr8a.pfb><C:/Program Files/MiKTeX 2.9/fonts/type1/urw/t
imes/utmri8a.pfb>
Output written on bare_conf.pdf (10 pages, 1098503 bytes).
PDF statistics:
 93 PDF objects out of 1000 (max. 8388607)
 0 named destinations out of 1000 (max. 500000)
 41 words of extra memory for PDF output out of 10000 (max. 10000000)

