\BOOKMARK [0][-]{chapter.1}{Topic Summary}{}% 1
\BOOKMARK [0][-]{chapter.2}{Introduction}{}% 2
\BOOKMARK [0][-]{chapter.3}{Research leading towards the paper}{}% 3
\BOOKMARK [1][-]{section.3.1}{Learning}{chapter.3}% 4
\BOOKMARK [1][-]{section.3.2}{Recommender Systems}{chapter.3}% 5
\BOOKMARK [1][-]{section.3.3}{Reciprocal Recommendation}{chapter.3}% 6
\BOOKMARK [0][-]{chapter.4}{Reciprocal Peer Recommendation for Learning Purposes}{}% 7
\BOOKMARK [1][-]{section.4.1}{Introduction}{chapter.4}% 8
\BOOKMARK [1][-]{section.4.2}{RiPPLE}{chapter.4}% 9
\BOOKMARK [1][-]{section.4.3}{Evaluation}{chapter.4}% 10
\BOOKMARK [2][-]{subsection.4.3.1}{Scalability}{section.4.3}% 11
\BOOKMARK [2][-]{subsection.4.3.2}{Reciprocality}{section.4.3}% 12
\BOOKMARK [2][-]{subsection.4.3.3}{Coverage}{section.4.3}% 13
\BOOKMARK [2][-]{subsection.4.3.4}{Quality}{section.4.3}% 14
\BOOKMARK [1][-]{section.4.4}{Discussion}{chapter.4}% 15
\BOOKMARK [0][-]{chapter.5}{Extensions}{}% 16
\BOOKMARK [0][-]{chapter.6}{Notizen zu Papers}{}% 17
\BOOKMARK [1][-]{section.6.1}{Vorteile des Gruppenlernens}{chapter.6}% 18
\BOOKMARK [1][-]{section.6.2}{RecSys Literatur}{chapter.6}% 19
\BOOKMARK [1][-]{section.6.3}{Theorien zu Gruppenbildung und Gruppenbildungsalgos}{chapter.6}% 20
\BOOKMARK [1][-]{section.6.4}{Self-reported Data critic}{chapter.6}% 21
\BOOKMARK [1][-]{section.6.5}{Recommendation in Dating}{chapter.6}% 22
\BOOKMARK [1][-]{section.6.6}{Gaming Recommendation}{chapter.6}% 23
\BOOKMARK [1][-]{section.6.7}{Social Recommendation}{chapter.6}% 24
